<?xml version="1.0" encoding="UTF-8"?>
<testsuite xmlns:xsi="http://www.w3.org/2001/XMLSchema-instance" xsi:schemaLocation="https://maven.apache.org/surefire/maven-surefire-plugin/xsd/surefire-test-report.xsd" name="TestSuite" time="19.039" tests="1" errors="0" skipped="0" failures="1">
  <properties>
[...]
</properties>
  <testcase name="feature" classname="com.cucumberFramework.testRunner.TestRunner" time="16.611">
    <failure message="java.lang.AssertionError: expected [American Express - CARTE GOLD AMERICAN EXPRESS] but found [One App]" type="cucumber.runtime.CucumberException">cucumber.runtime.CucumberException: java.lang.AssertionError: expected [American Express - CARTE GOLD AMERICAN EXPRESS] but found [One App]
	at com.cucumberFramework.testRunner.TestRunner.feature(TestRunner.java:27)
Caused by: java.lang.AssertionError: expected [American Express - CARTE GOLD AMERICAN EXPRESS] but found [One App]
</failure>
    <system-out><![CDATA[No alert is present.
Cartes American Express : Dépenser + pour Gagner | AMEX France
Gold American Express: La Carte à la Hauteur de Votre Quotidien
One App
2025-02-10 01:02:520 INFO  ServiceHooks :34 - Login into the application is Failed
]]></system-out>
    <system-err><![CDATA[SLF4J: Failed to load class "org.slf4j.impl.StaticLoggerBinder".
SLF4J: Defaulting to no-operation (NOP) logger implementation
SLF4J: See http://www.slf4j.org/codes.html#StaticLoggerBinder for further details.
Starting ChromeDriver 133.0.6943.53 (9a80935019b0925b01cc21d254da203bc3986f04-refs/branch-heads/6943@{#1389}) on port 39965
Only local connections are allowed.
Please see https://chromedriver.chromium.org/security-considerations for suggestions on keeping ChromeDriver safe.
ChromeDriver was started successfully on port 39965.
Feb 10, 2025 1:09:50 AM org.openqa.selenium.remote.ProtocolHandshake createSession
INFO: Detected dialect: W3C
]]></system-err>
  </testcase>
</testsuite>