-------------------------------------------------------------------------------
Test set: TestSuite
-------------------------------------------------------------------------------
Tests run: 1, Failures: 1, Errors: 0, Skipped: 0, Time elapsed: 19.039 sec <<< FAILURE! - in TestSuite
feature(com.cucumberFramework.testRunner.TestRunner)  Time elapsed: 16.611 sec  <<< FAILURE!
cucumber.runtime.CucumberException: java.lang.AssertionError: expected [American Express - CARTE GOLD AMERICAN EXPRESS] but found [One App]
	at com.cucumberFramework.testRunner.TestRunner.feature(TestRunner.java:27)
Caused by: java.lang.AssertionError: expected [American Express - CARTE GOLD AMERICAN EXPRESS] but found [One App]

